INFO:     Will watch for changes in these directories: ['/Users/yashwanthgaddam/Desktop/deepfake-project']
INFO:     Uvicorn running on http://0.0.0.0:8000 (Press CTRL+C to quit)
INFO:     Started reloader process [6673] using StatReload
INFO:     Started server process [6676]
INFO:     Waiting for application startup.
INFO:     Application startup complete.
Using device: mps
Loaded base weights from /Users/yashwanthgaddam/Desktop/deepfake-project/model/weights/model.pth
SUCCESS: Loaded fine-tuned BASE weights from /Users/yashwanthgaddam/Desktop/deepfake-project/model/weights/fine_tuned_base.pth
SUCCESS: Loaded fine-tuned HEAD weights from /Users/yashwanthgaddam/Desktop/deepfake-project/model/weights/fine_tuned_head.pth
INFERENCE: Raw Probability = 0.4779
INFERENCE: Raw Probability = 0.4542
INFERENCE: Raw Probability = 0.4875
INFERENCE: Raw Probability = 0.5268
INFO:     127.0.0.1:49825 - "POST /detect HTTP/1.1" 200 OK
INFERENCE: Raw Probability = 0.4861
INFERENCE: Raw Probability = 0.4449
INFERENCE: Raw Probability = 0.4045
INFERENCE: Raw Probability = 0.5548
INFO:     127.0.0.1:49827 - "POST /detect HTTP/1.1" 200 OK
/Users/yashwanthgaddam/Desktop/deepfake-project/model/model.py:414: RuntimeWarning: invalid value encountered in divide
  cam = cam / np.max(cam)
/Users/yashwanthgaddam/Desktop/deepfake-project/model/model.py:418: RuntimeWarning: invalid value encountered in cast
  heatmap = cv2.applyColorMap(np.uint8(255 * cam), cv2.COLORMAP_JET)
INFERENCE: Raw Probability = 0.5714
INFERENCE: Raw Probability = 0.1738
INFERENCE: Raw Probability = 0.5142
INFERENCE: Raw Probability = 0.2096
INFERENCE: Raw Probability = 0.4891
INFERENCE: Raw Probability = 0.2003
INFERENCE: Raw Probability = 0.4751
INFERENCE: Raw Probability = 0.8054
INFO:     127.0.0.1:49829 - "POST /detect HTTP/1.1" 200 OK
INFERENCE: Raw Probability = 0.3404
INFERENCE: Raw Probability = 0.3407
INFERENCE: Raw Probability = 0.4867
INFERENCE: Raw Probability = 0.6107
INFO:     127.0.0.1:49832 - "POST /detect HTTP/1.1" 200 OK
INFERENCE: Raw Probability = 0.6137
INFERENCE: Raw Probability = 0.6307
INFERENCE: Raw Probability = 0.6516
INFERENCE: Raw Probability = 0.3680
INFO:     127.0.0.1:49834 - "POST /detect HTTP/1.1" 200 OK
INFERENCE: Raw Probability = 0.6015
INFERENCE: Raw Probability = 0.6510
INFERENCE: Raw Probability = 0.5569
INFERENCE: Raw Probability = 0.3969
INFO:     127.0.0.1:49836 - "POST /detect HTTP/1.1" 200 OK
WARNING:  StatReload detected changes in 'model/model.py'. Reloading...
INFO:     Shutting down
INFO:     Waiting for application shutdown.
INFO:     Application shutdown complete.
INFO:     Finished server process [6676]
INFO:     Started server process [6698]
INFO:     Waiting for application startup.
INFO:     Application startup complete.
/Users/yashwanthgaddam/Desktop/deepfake-project/model/model.py:417: RuntimeWarning: invalid value encountered in divide
  cam = cam / np.max(cam)
/Users/yashwanthgaddam/Desktop/deepfake-project/model/model.py:421: RuntimeWarning: invalid value encountered in cast
  heatmap = cv2.applyColorMap(np.uint8(255 * cam), cv2.COLORMAP_JET)
Using device: mps
Loaded base weights from /Users/yashwanthgaddam/Desktop/deepfake-project/model/weights/model.pth
SUCCESS: Loaded fine-tuned BASE weights from /Users/yashwanthgaddam/Desktop/deepfake-project/model/weights/fine_tuned_base.pth
SUCCESS: Loaded fine-tuned HEAD weights from /Users/yashwanthgaddam/Desktop/deepfake-project/model/weights/fine_tuned_head.pth
INFERENCE: Raw Probability = 0.6015
INFERENCE: Raw Probability = 0.5381
INFERENCE: Raw Probability = 0.6202
INFERENCE: Raw Probability = 0.5612
INFO:     127.0.0.1:49861 - "POST /detect HTTP/1.1" 200 OK
INFERENCE: Raw Probability = 0.3849
INFERENCE: Raw Probability = 0.4262
INFERENCE: Raw Probability = 0.4160
INFERENCE: Raw Probability = 0.4090
INFO:     127.0.0.1:49863 - "POST /detect HTTP/1.1" 200 OK
INFERENCE: Raw Probability = 0.5076
INFERENCE: Raw Probability = 0.4923
INFERENCE: Raw Probability = 0.4903
INFERENCE: Raw Probability = 0.4916
INFO:     127.0.0.1:49865 - "POST /detect HTTP/1.1" 200 OK
INFERENCE: Raw Probability = 0.4984
INFERENCE: Raw Probability = 0.4158
INFERENCE: Raw Probability = 0.4646
INFERENCE: Raw Probability = 0.4596
INFO:     127.0.0.1:49867 - "POST /detect HTTP/1.1" 200 OK
INFERENCE: Raw Probability = 0.5797
INFERENCE: Raw Probability = 0.5023
INFERENCE: Raw Probability = 0.6534
INFERENCE: Raw Probability = 0.5769
INFO:     127.0.0.1:49869 - "POST /detect HTTP/1.1" 200 OK
INFERENCE: Raw Probability = 0.3849
INFERENCE: Raw Probability = 0.4236
INFERENCE: Raw Probability = 0.4145
INFERENCE: Raw Probability = 0.4077
INFO:     127.0.0.1:49872 - "POST /detect HTTP/1.1" 200 OK
INFERENCE: Raw Probability = 0.5076
INFERENCE: Raw Probability = 0.5624
INFERENCE: Raw Probability = 0.5076
INFERENCE: Raw Probability = 0.5157
INFO:     127.0.0.1:49874 - "POST /detect HTTP/1.1" 200 OK
INFERENCE: Raw Probability = 0.6015
INFERENCE: Raw Probability = 0.5284
INFERENCE: Raw Probability = 0.6080
INFERENCE: Raw Probability = 0.5604
INFO:     127.0.0.1:49876 - "POST /detect HTTP/1.1" 200 OK
WARNING:  StatReload detected changes in 'model/model.py'. Reloading...
INFO:     Shutting down
INFO:     Waiting for application shutdown.
INFO:     Application shutdown complete.
INFO:     Finished server process [6698]
INFO:     Started server process [6848]
INFO:     Waiting for application startup.
INFO:     Application startup complete.
WARNING:  StatReload detected changes in 'model/model.py'. Reloading...
INFO:     Shutting down
INFO:     Waiting for application shutdown.
INFO:     Application shutdown complete.
INFO:     Finished server process [6848]
INFO:     Started server process [6850]
INFO:     Waiting for application startup.
INFO:     Application startup complete.
WARNING:  StatReload detected changes in 'model/model.py'. Reloading...
INFO:     Shutting down
INFO:     Waiting for application shutdown.
INFO:     Application shutdown complete.
INFO:     Finished server process [6850]
Process SpawnProcess-5:
Traceback (most recent call last):
  File "/Library/Frameworks/Python.framework/Versions/3.13/lib/python3.13/multiprocessing/process.py", line 313, in _bootstrap
    self.run()
    ~~~~~~~~^^
  File "/Library/Frameworks/Python.framework/Versions/3.13/lib/python3.13/multiprocessing/process.py", line 108, in run
    self._target(*self._args, **self._kwargs)
    ~~~~~~~~~~~~^^^^^^^^^^^^^^^^^^^^^^^^^^^^^
  File "/Users/yashwanthgaddam/Desktop/deepfake-project/venv/lib/python3.13/site-packages/uvicorn/_subprocess.py", line 80, in subprocess_started
    target(sockets=sockets)
    ~~~~~~^^^^^^^^^^^^^^^^^
  File "/Users/yashwanthgaddam/Desktop/deepfake-project/venv/lib/python3.13/site-packages/uvicorn/server.py", line 75, in run
    return asyncio_run(self.serve(sockets=sockets), loop_factory=self.config.get_loop_factory())
  File "/Library/Frameworks/Python.framework/Versions/3.13/lib/python3.13/asyncio/runners.py", line 194, in run
    return runner.run(main)
           ~~~~~~~~~~^^^^^^
  File "/Library/Frameworks/Python.framework/Versions/3.13/lib/python3.13/asyncio/runners.py", line 118, in run
    return self._loop.run_until_complete(task)
           ~~~~~~~~~~~~~~~~~~~~~~~~~~~~~^^^^^^
  File "/Library/Frameworks/Python.framework/Versions/3.13/lib/python3.13/asyncio/base_events.py", line 721, in run_until_complete
    return future.result()
           ~~~~~~~~~~~~~^^
  File "/Users/yashwanthgaddam/Desktop/deepfake-project/venv/lib/python3.13/site-packages/uvicorn/server.py", line 79, in serve
    await self._serve(sockets)
  File "/Users/yashwanthgaddam/Desktop/deepfake-project/venv/lib/python3.13/site-packages/uvicorn/server.py", line 86, in _serve
    config.load()
    ~~~~~~~~~~~^^
  File "/Users/yashwanthgaddam/Desktop/deepfake-project/venv/lib/python3.13/site-packages/uvicorn/config.py", line 441, in load
    self.loaded_app = import_from_string(self.app)
                      ~~~~~~~~~~~~~~~~~~^^^^^^^^^^
  File "/Users/yashwanthgaddam/Desktop/deepfake-project/venv/lib/python3.13/site-packages/uvicorn/importer.py", line 19, in import_from_string
    module = importlib.import_module(module_str)
  File "/Library/Frameworks/Python.framework/Versions/3.13/lib/python3.13/importlib/__init__.py", line 88, in import_module
    return _bootstrap._gcd_import(name[level:], package, level)
           ~~~~~~~~~~~~~~~~~~~~~~^^^^^^^^^^^^^^^^^^^^^^^^^^^^^^
  File "<frozen importlib._bootstrap>", line 1387, in _gcd_import
  File "<frozen importlib._bootstrap>", line 1360, in _find_and_load
  File "<frozen importlib._bootstrap>", line 1331, in _find_and_load_unlocked
  File "<frozen importlib._bootstrap>", line 935, in _load_unlocked
  File "<frozen importlib._bootstrap_external>", line 1022, in exec_module
  File "<frozen importlib._bootstrap>", line 488, in _call_with_frames_removed
  File "/Users/yashwanthgaddam/Desktop/deepfake-project/api/main.py", line 12, in <module>
    from model.model import DeepfakeDetector
  File "/Users/yashwanthgaddam/Desktop/deepfake-project/model/__init__.py", line 1, in <module>
    from .model import DeepfakeDetector
  File "/Users/yashwanthgaddam/Desktop/deepfake-project/model/model.py", line 349
    face["confidence"] = conf
IndentationError: unexpected indent
WARNING:  StatReload detected changes in 'model/model.py'. Reloading...
Process SpawnProcess-6:
Traceback (most recent call last):
  File "/Library/Frameworks/Python.framework/Versions/3.13/lib/python3.13/multiprocessing/process.py", line 313, in _bootstrap
    self.run()
    ~~~~~~~~^^
  File "/Library/Frameworks/Python.framework/Versions/3.13/lib/python3.13/multiprocessing/process.py", line 108, in run
    self._target(*self._args, **self._kwargs)
    ~~~~~~~~~~~~^^^^^^^^^^^^^^^^^^^^^^^^^^^^^
  File "/Users/yashwanthgaddam/Desktop/deepfake-project/venv/lib/python3.13/site-packages/uvicorn/_subprocess.py", line 80, in subprocess_started
    target(sockets=sockets)
    ~~~~~~^^^^^^^^^^^^^^^^^
  File "/Users/yashwanthgaddam/Desktop/deepfake-project/venv/lib/python3.13/site-packages/uvicorn/server.py", line 75, in run
    return asyncio_run(self.serve(sockets=sockets), loop_factory=self.config.get_loop_factory())
  File "/Library/Frameworks/Python.framework/Versions/3.13/lib/python3.13/asyncio/runners.py", line 194, in run
    return runner.run(main)
           ~~~~~~~~~~^^^^^^
  File "/Library/Frameworks/Python.framework/Versions/3.13/lib/python3.13/asyncio/runners.py", line 118, in run
    return self._loop.run_until_complete(task)
           ~~~~~~~~~~~~~~~~~~~~~~~~~~~~~^^^^^^
  File "/Library/Frameworks/Python.framework/Versions/3.13/lib/python3.13/asyncio/base_events.py", line 721, in run_until_complete
    return future.result()
           ~~~~~~~~~~~~~^^
  File "/Users/yashwanthgaddam/Desktop/deepfake-project/venv/lib/python3.13/site-packages/uvicorn/server.py", line 79, in serve
    await self._serve(sockets)
  File "/Users/yashwanthgaddam/Desktop/deepfake-project/venv/lib/python3.13/site-packages/uvicorn/server.py", line 86, in _serve
    config.load()
    ~~~~~~~~~~~^^
  File "/Users/yashwanthgaddam/Desktop/deepfake-project/venv/lib/python3.13/site-packages/uvicorn/config.py", line 441, in load
    self.loaded_app = import_from_string(self.app)
                      ~~~~~~~~~~~~~~~~~~^^^^^^^^^^
  File "/Users/yashwanthgaddam/Desktop/deepfake-project/venv/lib/python3.13/site-packages/uvicorn/importer.py", line 19, in import_from_string
    module = importlib.import_module(module_str)
  File "/Library/Frameworks/Python.framework/Versions/3.13/lib/python3.13/importlib/__init__.py", line 88, in import_module
    return _bootstrap._gcd_import(name[level:], package, level)
           ~~~~~~~~~~~~~~~~~~~~~~^^^^^^^^^^^^^^^^^^^^^^^^^^^^^^
  File "<frozen importlib._bootstrap>", line 1387, in _gcd_import
  File "<frozen importlib._bootstrap>", line 1360, in _find_and_load
  File "<frozen importlib._bootstrap>", line 1331, in _find_and_load_unlocked
  File "<frozen importlib._bootstrap>", line 935, in _load_unlocked
  File "<frozen importlib._bootstrap_external>", line 1022, in exec_module
  File "<frozen importlib._bootstrap>", line 488, in _call_with_frames_removed
  File "/Users/yashwanthgaddam/Desktop/deepfake-project/api/main.py", line 12, in <module>
    from model.model import DeepfakeDetector
  File "/Users/yashwanthgaddam/Desktop/deepfake-project/model/__init__.py", line 1, in <module>
    from .model import DeepfakeDetector
  File "/Users/yashwanthgaddam/Desktop/deepfake-project/model/model.py", line 346
    face["confidence"] = conf
IndentationError: unexpected indent
WARNING:  StatReload detected changes in 'api/main.py'. Reloading...
Process SpawnProcess-7:
Traceback (most recent call last):
  File "/Library/Frameworks/Python.framework/Versions/3.13/lib/python3.13/multiprocessing/process.py", line 313, in _bootstrap
    self.run()
    ~~~~~~~~^^
  File "/Library/Frameworks/Python.framework/Versions/3.13/lib/python3.13/multiprocessing/process.py", line 108, in run
    self._target(*self._args, **self._kwargs)
    ~~~~~~~~~~~~^^^^^^^^^^^^^^^^^^^^^^^^^^^^^
  File "/Users/yashwanthgaddam/Desktop/deepfake-project/venv/lib/python3.13/site-packages/uvicorn/_subprocess.py", line 80, in subprocess_started
    target(sockets=sockets)
    ~~~~~~^^^^^^^^^^^^^^^^^
  File "/Users/yashwanthgaddam/Desktop/deepfake-project/venv/lib/python3.13/site-packages/uvicorn/server.py", line 75, in run
    return asyncio_run(self.serve(sockets=sockets), loop_factory=self.config.get_loop_factory())
  File "/Library/Frameworks/Python.framework/Versions/3.13/lib/python3.13/asyncio/runners.py", line 194, in run
    return runner.run(main)
           ~~~~~~~~~~^^^^^^
  File "/Library/Frameworks/Python.framework/Versions/3.13/lib/python3.13/asyncio/runners.py", line 118, in run
    return self._loop.run_until_complete(task)
           ~~~~~~~~~~~~~~~~~~~~~~~~~~~~~^^^^^^
  File "/Library/Frameworks/Python.framework/Versions/3.13/lib/python3.13/asyncio/base_events.py", line 721, in run_until_complete
    return future.result()
           ~~~~~~~~~~~~~^^
  File "/Users/yashwanthgaddam/Desktop/deepfake-project/venv/lib/python3.13/site-packages/uvicorn/server.py", line 79, in serve
    await self._serve(sockets)
  File "/Users/yashwanthgaddam/Desktop/deepfake-project/venv/lib/python3.13/site-packages/uvicorn/server.py", line 86, in _serve
    config.load()
    ~~~~~~~~~~~^^
  File "/Users/yashwanthgaddam/Desktop/deepfake-project/venv/lib/python3.13/site-packages/uvicorn/config.py", line 441, in load
    self.loaded_app = import_from_string(self.app)
                      ~~~~~~~~~~~~~~~~~~^^^^^^^^^^
  File "/Users/yashwanthgaddam/Desktop/deepfake-project/venv/lib/python3.13/site-packages/uvicorn/importer.py", line 19, in import_from_string
    module = importlib.import_module(module_str)
  File "/Library/Frameworks/Python.framework/Versions/3.13/lib/python3.13/importlib/__init__.py", line 88, in import_module
    return _bootstrap._gcd_import(name[level:], package, level)
           ~~~~~~~~~~~~~~~~~~~~~~^^^^^^^^^^^^^^^^^^^^^^^^^^^^^^
  File "<frozen importlib._bootstrap>", line 1387, in _gcd_import
  File "<frozen importlib._bootstrap>", line 1360, in _find_and_load
  File "<frozen importlib._bootstrap>", line 1331, in _find_and_load_unlocked
  File "<frozen importlib._bootstrap>", line 935, in _load_unlocked
  File "<frozen importlib._bootstrap_external>", line 1022, in exec_module
  File "<frozen importlib._bootstrap>", line 488, in _call_with_frames_removed
  File "/Users/yashwanthgaddam/Desktop/deepfake-project/api/main.py", line 12, in <module>
    from model.model import DeepfakeDetector
  File "/Users/yashwanthgaddam/Desktop/deepfake-project/model/__init__.py", line 1, in <module>
    from .model import DeepfakeDetector
  File "/Users/yashwanthgaddam/Desktop/deepfake-project/model/model.py", line 346
    face["confidence"] = conf
IndentationError: unexpected indent
WARNING:  StatReload detected changes in 'model/model.py'. Reloading...
INFO:     Started server process [6969]
INFO:     Waiting for application startup.
INFO:     Application startup complete.
WARNING:  StatReload detected changes in 'model/model.py'. Reloading...
INFO:     Shutting down
INFO:     Waiting for application shutdown.
INFO:     Application shutdown complete.
INFO:     Finished server process [6969]
INFO:     Started server process [7059]
INFO:     Waiting for application startup.
INFO:     Application startup complete.
WARNING:  StatReload detected changes in 'model/model.py'. Reloading...
INFO:     Shutting down
INFO:     Waiting for application shutdown.
INFO:     Application shutdown complete.
INFO:     Finished server process [7059]
INFO:     Started server process [7635]
INFO:     Waiting for application startup.
INFO:     Application startup complete.
WARNING:  StatReload detected changes in 'model/model.py'. Reloading...
INFO:     Shutting down
INFO:     Waiting for application shutdown.
INFO:     Application shutdown complete.
INFO:     Finished server process [7635]
INFO:     Started server process [7843]
INFO:     Waiting for application startup.
INFO:     Application startup complete.
/Users/yashwanthgaddam/Desktop/deepfake-project/model/model.py:396: RuntimeWarning: invalid value encountered in divide
  cam = cam / np.max(cam)
/Users/yashwanthgaddam/Desktop/deepfake-project/model/model.py:400: RuntimeWarning: invalid value encountered in cast
  heatmap = cv2.applyColorMap(np.uint8(255 * cam), cv2.COLORMAP_JET)
Using device: mps
Loaded base weights from /Users/yashwanthgaddam/Desktop/deepfake-project/model/weights/model.pth
SUCCESS: Loaded fine-tuned BASE weights from /Users/yashwanthgaddam/Desktop/deepfake-project/model/weights/fine_tuned_base.pth
SUCCESS: Loaded fine-tuned HEAD weights from /Users/yashwanthgaddam/Desktop/deepfake-project/model/weights/fine_tuned_head.pth
CALIBRATION: Raw Average = 0.6015
CALIBRATION: Raw Average = 0.5170
CALIBRATION: Raw Average = 0.5592
INFO:     127.0.0.1:50060 - "POST /detect HTTP/1.1" 200 OK
CALIBRATION: Raw Average = 0.5418
CALIBRATION: Raw Average = 0.3589
CALIBRATION: Raw Average = 0.4504
INFO:     127.0.0.1:50062 - "POST /detect HTTP/1.1" 200 OK
CALIBRATION: Raw Average = 0.4861
CALIBRATION: Raw Average = 0.5986
CALIBRATION: Raw Average = 0.5423
INFO:     127.0.0.1:50069 - "POST /detect HTTP/1.1" 200 OK
CALIBRATION: Raw Average = 0.4274
CALIBRATION: Raw Average = 0.3010
CALIBRATION: Raw Average = 0.3616
CALIBRATION: Raw Average = 0.3583
CALIBRATION: Raw Average = 0.3945
CALIBRATION: Raw Average = 0.3296
INFO:     127.0.0.1:50071 - "POST /detect HTTP/1.1" 200 OK
CALIBRATION: Raw Average = 0.8781
CALIBRATION: Raw Average = 0.8632
CALIBRATION: Raw Average = 0.8706
INFO:     127.0.0.1:50073 - "POST /detect HTTP/1.1" 200 OK
CALIBRATION: Raw Average = 0.3397
CALIBRATION: Raw Average = 0.6213
CALIBRATION: Raw Average = 0.4035
CALIBRATION: Raw Average = 0.4993
CALIBRATION: Raw Average = 0.5392
CALIBRATION: Raw Average = 0.3716
CALIBRATION: Raw Average = 0.5603
INFO:     127.0.0.1:50076 - "POST /detect HTTP/1.1" 200 OK
CALIBRATION: Raw Average = 0.5566
CALIBRATION: Raw Average = 0.1119
CALIBRATION: Raw Average = 0.5655
CALIBRATION: Raw Average = 0.5611
CALIBRATION: Raw Average = 0.1119
INFO:     127.0.0.1:50082 - "POST /detect HTTP/1.1" 200 OK
CALIBRATION: Raw Average = 0.5238
CALIBRATION: Raw Average = 0.3391
CALIBRATION: Raw Average = 0.4560
CALIBRATION: Raw Average = 0.3166
CALIBRATION: Raw Average = 0.4899
CALIBRATION: Raw Average = 0.3278
INFO:     127.0.0.1:50084 - "POST /detect HTTP/1.1" 200 OK
CALIBRATION: Raw Average = 0.4872
CALIBRATION: Raw Average = 0.6810
CALIBRATION: Raw Average = 0.5841
INFO:     127.0.0.1:50086 - "POST /detect HTTP/1.1" 200 OK
CALIBRATION: Raw Average = 0.7656
CALIBRATION: Raw Average = 0.3566
CALIBRATION: Raw Average = 0.2314
CALIBRATION: Raw Average = 0.6747
CALIBRATION: Raw Average = 0.3759
CALIBRATION: Raw Average = 0.3724
CALIBRATION: Raw Average = 0.7202
CALIBRATION: Raw Average = 0.3662
CALIBRATION: Raw Average = 0.3019
INFO:     127.0.0.1:50088 - "POST /detect HTTP/1.1" 200 OK
CALIBRATION: Raw Average = 0.3388
CALIBRATION: Raw Average = 0.0964
CALIBRATION: Raw Average = 0.3352
CALIBRATION: Raw Average = 0.3370
CALIBRATION: Raw Average = 0.0964
INFO:     127.0.0.1:50090 - "POST /detect HTTP/1.1" 200 OK
CALIBRATION: Raw Average = 0.3388
CALIBRATION: Raw Average = 0.0964
CALIBRATION: Raw Average = 0.3352
CALIBRATION: Raw Average = 0.3370
CALIBRATION: Raw Average = 0.0964
INFO:     127.0.0.1:50151 - "POST /detect HTTP/1.1" 200 OK
WARNING:  StatReload detected changes in 'global_audit_test.py'. Reloading...
INFO:     Shutting down
INFO:     Waiting for application shutdown.
INFO:     Application shutdown complete.
INFO:     Finished server process [7843]
INFO:     Started server process [12667]
INFO:     Waiting for application startup.
INFO:     Application startup complete.
Using device: mps
Loaded base weights from /Users/yashwanthgaddam/Desktop/deepfake-project/model/weights/model.pth
SUCCESS: Loaded fine-tuned BASE weights from /Users/yashwanthgaddam/Desktop/deepfake-project/model/weights/fine_tuned_base.pth
SUCCESS: Loaded fine-tuned HEAD weights from /Users/yashwanthgaddam/Desktop/deepfake-project/model/weights/fine_tuned_head.pth
CALIBRATION: Raw Average = 0.7567
CALIBRATION: Raw Average = 0.8304
CALIBRATION: Raw Average = 0.7936
INFO:     127.0.0.1:50344 - "POST /detect HTTP/1.1" 200 OK
CALIBRATION: Raw Average = 0.5836
CALIBRATION: Raw Average = 0.4084
CALIBRATION: Raw Average = 0.4960
INFO:     127.0.0.1:50346 - "POST /detect HTTP/1.1" 200 OK
INFO:     127.0.0.1:50348 - "POST /detect HTTP/1.1" 400 Bad Request
CALIBRATION: Raw Average = 0.5836
CALIBRATION: Raw Average = 0.4084
CALIBRATION: Raw Average = 0.4960
INFO:     127.0.0.1:50350 - "POST /detect HTTP/1.1" 200 OK
WARNING:  StatReload detected changes in 'model/model.py'. Reloading...
INFO:     Shutting down
INFO:     Waiting for application shutdown.
INFO:     Application shutdown complete.
INFO:     Finished server process [12667]
INFO:     Started server process [12880]
INFO:     Waiting for application startup.
INFO:     Application startup complete.
Using device: mps
Loaded base weights from /Users/yashwanthgaddam/Desktop/deepfake-project/model/weights/model.pth
SUCCESS: Loaded fine-tuned BASE weights from /Users/yashwanthgaddam/Desktop/deepfake-project/model/weights/fine_tuned_base.pth
SUCCESS: Loaded fine-tuned HEAD weights from /Users/yashwanthgaddam/Desktop/deepfake-project/model/weights/fine_tuned_head.pth
CALIBRATION: Raw Average = 0.5836
CALIBRATION: Raw Average = 0.4084
CALIBRATION: Raw Average = 0.4960
INFO:     127.0.0.1:50370 - "POST /detect HTTP/1.1" 200 OK
/Users/yashwanthgaddam/Desktop/deepfake-project/model/model.py:396: RuntimeWarning: invalid value encountered in divide
  cam = cam / np.max(cam)
/Users/yashwanthgaddam/Desktop/deepfake-project/model/model.py:400: RuntimeWarning: invalid value encountered in cast
  heatmap = cv2.applyColorMap(np.uint8(255 * cam), cv2.COLORMAP_JET)
CALIBRATION: Raw Average = 0.1221
CALIBRATION: Raw Average = 0.0909
CALIBRATION: Raw Average = 0.1215
CALIBRATION: Raw Average = 0.1218
CALIBRATION: Raw Average = 0.0909
INFO:     127.0.0.1:50376 - "POST /detect HTTP/1.1" 200 OK
CALIBRATION: Raw Average = 0.2569
CALIBRATION: Raw Average = 0.2664
CALIBRATION: Raw Average = 0.2616
INFO:     127.0.0.1:50440 - "POST /detect HTTP/1.1" 200 OK
CALIBRATION: Raw Average = 0.3430
CALIBRATION: Raw Average = 0.4579
CALIBRATION: Raw Average = 0.4005
INFO:     127.0.0.1:50443 - "POST /detect HTTP/1.1" 200 OK
CALIBRATION: Raw Average = 0.7567
CALIBRATION: Raw Average = 0.8304
CALIBRATION: Raw Average = 0.7936
INFO:     127.0.0.1:50445 - "POST /detect HTTP/1.1" 200 OK
CALIBRATION: Raw Average = 0.7567
CALIBRATION: Raw Average = 0.8304
CALIBRATION: Raw Average = 0.7936
INFO:     127.0.0.1:50540 - "POST /detect HTTP/1.1" 200 OK
CALIBRATION: Raw Average = 0.2569
CALIBRATION: Raw Average = 0.2664
CALIBRATION: Raw Average = 0.2616
INFO:     127.0.0.1:50546 - "POST /detect HTTP/1.1" 200 OK
INFO:     Shutting down
INFO:     Waiting for application shutdown.
INFO:     Application shutdown complete.
INFO:     Finished server process [12880]
INFO:     Stopping reloader process [6673]
