::1 - - [31/Mar/2026 12:38:44] "GET /script.js HTTP/1.1" 304 -
::1 - - [31/Mar/2026 12:44:07] "GET / HTTP/1.1" 304 -
::1 - - [31/Mar/2026 12:44:08] "GET / HTTP/1.1" 304 -
::1 - - [31/Mar/2026 13:54:22] "GET / HTTP/1.1" 304 -
::1 - - [31/Mar/2026 13:54:22] "GET /script.js HTTP/1.1" 304 -
::1 - - [31/Mar/2026 14:08:52] "GET / HTTP/1.1" 304 -
::1 - - [31/Mar/2026 14:08:52] "GET /index.css HTTP/1.1" 200 -
::1 - - [31/Mar/2026 14:08:52] "GET /script.js HTTP/1.1" 200 -
::1 - - [31/Mar/2026 14:08:52] "GET /hero-bg.png HTTP/1.1" 304 -
::1 - - [31/Mar/2026 14:08:52] code 404, message File not found
::1 - - [31/Mar/2026 14:08:52] "GET /favicon.ico HTTP/1.1" 404 -
::1 - - [31/Mar/2026 14:17:23] "GET / HTTP/1.1" 304 -
::1 - - [31/Mar/2026 14:17:23] "GET /script.js HTTP/1.1" 304 -
::1 - - [31/Mar/2026 14:53:38] "GET / HTTP/1.1" 304 -
::1 - - [31/Mar/2026 14:53:38] "GET /script.js HTTP/1.1" 304 -
::1 - - [31/Mar/2026 14:53:39] "GET / HTTP/1.1" 304 -
::1 - - [31/Mar/2026 14:53:39] "GET / HTTP/1.1" 304 -
::1 - - [31/Mar/2026 15:43:05] "GET / HTTP/1.1" 200 -
::1 - - [31/Mar/2026 15:43:05] "GET /index.css HTTP/1.1" 200 -
::1 - - [31/Mar/2026 15:43:05] "GET /script.js HTTP/1.1" 200 -
::1 - - [31/Mar/2026 15:43:07] "GET / HTTP/1.1" 304 -
